0 info it worked if it ends with ok
1 verbose cli [ '/usr/local/bin/node', '/usr/local/bin/npm', 'run', 'migrate' ]
2 info using npm@4.1.2
3 info using node@v7.6.0
4 verbose run-script [ 'premigrate', 'migrate', 'postmigrate' ]
5 info lifecycle gothenticate@1.0.0~premigrate: gothenticate@1.0.0
6 silly lifecycle gothenticate@1.0.0~premigrate: no script for premigrate, continuing
7 info lifecycle gothenticate@1.0.0~migrate: gothenticate@1.0.0
8 verbose lifecycle gothenticate@1.0.0~migrate: unsafe-perm in lifecycle true
9 verbose lifecycle gothenticate@1.0.0~migrate: PATH: /usr/local/lib/node_modules/npm/bin/node-gyp-bin:/home/alaa/Desktop/gothenticate/node_modules/.bin:/home/alaa/bin:/home/alaa/.local/bin:/usr/local/sbin:/usr/local/bin:/usr/sbin:/usr/bin:/sbin:/bin:/usr/games:/usr/local/games:/snap/bin
10 verbose lifecycle gothenticate@1.0.0~migrate: CWD: /home/alaa/Desktop/gothenticate
11 silly lifecycle gothenticate@1.0.0~migrate: Args: [ '-c', 'node scripts/migrate.js' ]
12 silly lifecycle gothenticate@1.0.0~migrate: Returned: code: 1  signal: null
13 info lifecycle gothenticate@1.0.0~migrate: Failed to exec migrate script
14 verbose stack Error: gothenticate@1.0.0 migrate: `node scripts/migrate.js`
14 verbose stack Exit status 1
14 verbose stack     at EventEmitter.<anonymous> (/usr/local/lib/node_modules/npm/lib/utils/lifecycle.js:279:16)
14 verbose stack     at emitTwo (events.js:106:13)
14 verbose stack     at EventEmitter.emit (events.js:192:7)
14 verbose stack     at ChildProcess.<anonymous> (/usr/local/lib/node_modules/npm/lib/utils/spawn.js:40:14)
14 verbose stack     at emitTwo (events.js:106:13)
14 verbose stack     at ChildProcess.emit (events.js:192:7)
14 verbose stack     at maybeClose (internal/child_process.js:890:16)
14 verbose stack     at Process.ChildProcess._handle.onexit (internal/child_process.js:226:5)
15 verbose pkgid gothenticate@1.0.0
16 verbose cwd /home/alaa/Desktop/gothenticate
17 error Linux 4.8.0-41-generic
18 error argv "/usr/local/bin/node" "/usr/local/bin/npm" "run" "migrate"
19 error node v7.6.0
20 error npm  v4.1.2
21 error code ELIFECYCLE
22 error gothenticate@1.0.0 migrate: `node scripts/migrate.js`
22 error Exit status 1
23 error Failed at the gothenticate@1.0.0 migrate script 'node scripts/migrate.js'.
23 error Make sure you have the latest version of node.js and npm installed.
23 error If you do, this is most likely a problem with the gothenticate package,
23 error not with npm itself.
23 error Tell the author that this fails on your system:
23 error     node scripts/migrate.js
23 error You can get information on how to open an issue for this project with:
23 error     npm bugs gothenticate
23 error Or if that isn't available, you can get their info via:
23 error     npm owner ls gothenticate
23 error There is likely additional logging output above.
24 verbose exit [ 1, true ]
